ca7e005c7901728f212037a8fa7474f637c17ed8
diff --git a/runtime/communication.py b/runtime/communication.py
index ecb5b70..604ba0a 100644
--- a/runtime/communication.py
+++ b/runtime/communication.py
@@ -28,6 +28,7 @@ class CommunicationHandler(object):
 
         Note: To turn off broadcasting, set num_ranks_in_server = 1.
         """
+        print("Enter CommunicationHandler.__init__")
         self.rank = rank
         self.local_rank = local_rank
         self.backend = backend
@@ -39,7 +40,9 @@ class CommunicationHandler(object):
         # Initialize the distributed environment.
         os.environ['MASTER_ADDR'] = master_addr
         os.environ['MASTER_PORT'] = str(master_port)
+        print(os.environ['MASTER_ADDR'], os.environ['MASTER_PORT'])
         dist.init_process_group(backend, rank=rank, world_size=world_size)
+        print("Hit B")
         assert dist.get_world_size() == self.world_size
         print("Finished initializing process group; backend: %s, rank: %d, "
               "world_size: %d" % (backend, rank, world_size))
diff --git a/runtime/image_classification/driver_configs/vgg16_2mp_exp.yml b/runtime/image_classification/driver_configs/vgg16_2mp_exp.yml
index 32ad5c1..418bcb7 100644
--- a/runtime/image_classification/driver_configs/vgg16_2mp_exp.yml
+++ b/runtime/image_classification/driver_configs/vgg16_2mp_exp.yml
@@ -3,7 +3,7 @@
 'data_dir': '/home/ubuntu/data/imagenet/'
 'config_file': 'models/vgg16/gpus=2/mp_conf.json'
 'container': 'nvcr.io/nvidia/pytorch:19.05-py3'
-'machines': ['localhost:0', '172.31.14.150:1']
+'machines': ['172.31.14.215:0', '172.31.14.150:1']
 'batch_size': 64
 'learning_rate': 0.01
 'weight_decay': 0.0005
